Blake--> (ABS,59 ) (ADBS,64 ) (COC,48 ) (DISS,68 ) (ES,55 ) (IAML,65 ) (IRP,47 ) (IRR,80 ) (NIP,90 ) (PPLS,96 ) 	
Albright--> (ABS,75 ) (ADBS,79 ) (AGTA,47 ) (ANLP,84 ) (ASR,42 ) (CCN,84 ) (COC,81 ) (COPT,56 ) (CT,93 ) (DMR,51 ) (IJP,100 ) (PPLS,45 ) (SLIP,93 ) 	
Kian--> (ABS,71 ) (ADBS,42 ) (BIO2,93 ) (CCN,83 ) (DISS,54 ) (PM,86 ) (SLIP,69 ) (TTS,55 ) 	
Alling--> (ABS,41 ) (AGTA,67 ) (BIO1,97 ) (BIO2,92 ) (CCN,77 ) (COC,77 ) (IJP,44 ) (INF1-CG,72 ) (IRR,83 ) (NIP,48 ) (PPLS,63 ) (TTS,99 ) 	
Angel--> (ADS,76 ) (AGTA,80 ) (AR,61 ) (ES,83 ) (EXC,53 ) (HCI,99 ) (PPLS,95 ) (RTN,59 ) (SLIP,98 ) 	
Taylor--> (ABS,77 ) (ASR,47 ) (COC,77 ) (COPT,94 ) (IAML,74 ) (IJP,47 ) (IRP,52 ) (PPLS,73 ) (TTS,82 ) 	
Bernard--> (AGTA,72 ) (AR,77 ) (DISS,42 ) (DMR,84 ) (EXC,77 ) (IRP,40 ) (PM,74 ) (RTN,82 ) (TTS,91 ) 	
Daniella--> (BIO1,88 ) (CCN,51 ) (COC,67 ) (INF2D,73 ) (PPLS,92 ) (TTS,89 ) 	
Alberts--> (ABS,83 ) (AGTA,68 ) (ASR,70 ) (AV,59 ) (ES,42 ) (INF1-CG,80 ) (INF2D,48 ) (IRP,66 ) (TTS,90 ) 	
Adey--> (AR,43 ) (CCN,86 ) (COPT,46 ) (INF1-CG,94 ) (INF2D,96 ) (IRR,63 ) (PM,87 ) (RTN,42 ) (TDD,94 ) 	
Taylor--> (AGTA,95 ) (ANLP,65 ) (AR,44 ) (COC,91 ) (DISS,63 ) (ES,68 ) (EXC,69 ) (IAML,81 ) (SLIP,83 ) (TTS,75 ) 	
Alders--> (ADS,93 ) (AGTA,86 ) (CT,73 ) (DAPA,78 ) (DISS,52 ) (HCI,79 ) (INF2D,81 ) (RTN,87 ) (SLIP,82 ) (TDD,86 ) (TTS,92 ) 	
Alban--> (BIO1,42 ) (DISS,78 ) (EXC,55 ) 	
Allerton--> (ADS,86 ) (AGTA,56 ) (AR,98 ) (AV,82 ) (DISS,55 ) (IAML,42 ) (IRP,73 ) (PM,47 ) (TTS,75 ) 	
Aliff--> (ADBS,97 ) (AGTA,77 ) (AV,48 ) (BIO1,42 ) (DAPA,80 ) (DISS,85 ) (ES,95 ) (IJP,99 ) (INF1-CG,97 ) (PPLS,96 ) (TTS,62 ) 	
Allton--> (ADBS,42 ) (AGTA,60 ) (ANLP,53 ) (ASR,71 ) (AV,87 ) (COC,66 ) (DAPA,49 ) (INF2D,62 ) (IRP,49 ) (PPLS,47 ) (RTN,96 ) (TTS,44 ) 	
Henry--> (ABS,41 ) (AV,98 ) (BIO1,63 ) (COPT,91 ) (DAPA,89 ) (EXC,49 ) (HCI,41 ) (INF1-CG,69 ) (NIP,84 ) (TDD,74 ) (TTS,56 ) 	
Jake--> (AR,92 ) (CCN,40 ) (INF1-CG,87 ) (INF2D,51 ) 	
Deborah--> (ADS,73 ) (AGTA,87 ) (ANLP,43 ) (ASR,79 ) (CCN,75 ) (COC,67 ) (DAPA,87 ) (IAML,97 ) (PM,42 ) (SLIP,75 ) (TTS,73 ) 	
Rhys--> (ABS,72 ) (ADS,46 ) (AGTA,61 ) (AV,48 ) (BIO1,49 ) (CT,44 ) (DMR,78 ) (HCI,76 ) (IRP,75 ) (PPLS,59 ) (RTN,45 ) (TTS,92 ) 	
